{"name": "test_create_booking_tc2", "status": "failed", "statusDetails": {"message": "AssertionError: assert True == False", "trace": "def test_create_booking_tc2():\n>       assert True == False\nE       assert True == False\n\nIntegration_test\\test_cratae_booking.py:10: AssertionError"}, "start": 1699682905975, "stop": 1699682905976, "uuid": "0a33c1f0-9e04-43cf-b194-c8666d13b6ee", "historyId": "6f505dbe0c5fdbf1b04cc2a34256d050", "testCaseId": "6f505dbe0c5fdbf1b04cc2a34256d050", "fullName": "Integration_test.test_cratae_booking#test_create_booking_tc2", "labels": [{"name": "parentSuite", "value": "Integration_test"}, {"name": "suite", "value": "test_cratae_booking"}, {"name": "host", "value": "LAPTOP-248QL3PK"}, {"name": "thread", "value": "26620-MainThread"}, {"name": "framework", "value": "pytest"}, {"name": "language", "value": "cpython3"}, {"name": "package", "value": "Integration_test.test_cratae_booking"}]}